# JRE version: OpenJDK Runtime Environment OpenLogic-OpenJDK (17.0.10+7) (build 17.0.10+7-adhoc..jdk17u)
# Java VM: OpenJDK 64-Bit Server VM OpenLogic-OpenJDK (17.0.10+7-adhoc..jdk17u, mixed mode, sharing, tiered, compressed oops, compressed class ptrs, g1 gc, windows-amd64)
GC Precious Log:
 CPUs: 8 total, 8 available
 Memory: 8022M
 Large Page Support: Disabled
 NUMA Support: Disabled
 Compressed Oops: Enabled (32-bit)
 Heap Region Size: 1M
 Heap Min Capacity: 8M
 Heap Initial Capacity: 126M
 Heap Max Capacity: 2006M
 Pre-touch: Disabled
 Parallel Workers: 8
 Concurrent Workers: 2
 Concurrent Refinement Workers: 8
 Periodic GC: Disabled
Heap:
 garbage-first heap   total 175104K, used 88689K [0x0000000082a00000, 0x0000000100000000)
  region size 1024K, 17 young (17408K), 2 survivors (2048K)
 Metaspace       used 79201K, committed 79616K, reserved 1179648K
  class space    used 8819K, committed 9024K, reserved 1048576K
GC Heap History (20 events):
Event: 19.119 GC heap before
{Heap before GC invocations=13 (full 0):
 garbage-first heap   total 99328K, used 76579K [0x0000000082a00000, 0x0000000100000000)
  region size 1024K, 36 young (36864K), 6 survivors (6144K)
 Metaspace       used 52800K, committed 53120K, reserved 1114112K
  class space    used 6411K, committed 6592K, reserved 1048576K
}
Event: 19.165 GC heap after
{Heap after GC invocations=14 (full 0):
 garbage-first heap   total 99328K, used 50979K [0x0000000082a00000, 0x0000000100000000)
  region size 1024K, 5 young (5120K), 5 survivors (5120K)
 Metaspace       used 52800K, committed 53120K, reserved 1114112K
  class space    used 6411K, committed 6592K, reserved 1048576K
}
Event: 21.305 GC heap before
{Heap before GC invocations=14 (full 0):
 garbage-first heap   total 99328K, used 77603K [0x0000000082a00000, 0x0000000100000000)
  region size 1024K, 31 young (31744K), 5 survivors (5120K)
 Metaspace       used 54706K, committed 55040K, reserved 1114112K
  class space    used 6611K, committed 6784K, reserved 1048576K
}
Event: 21.339 GC heap after
{Heap after GC invocations=15 (full 0):
 garbage-first heap   total 119808K, used 54019K [0x0000000082a00000, 0x0000000100000000)
  region size 1024K, 4 young (4096K), 4 survivors (4096K)
 Metaspace       used 54706K, committed 55040K, reserved 1114112K
  class space    used 6611K, committed 6784K, reserved 1048576K
}
Event: 26.081 GC heap before
{Heap before GC invocations=16 (full 0):
 garbage-first heap   total 119808K, used 92931K [0x0000000082a00000, 0x0000000100000000)
  region size 1024K, 41 young (41984K), 4 survivors (4096K)
 Metaspace       used 57335K, committed 57664K, reserved 1114112K
  class space    used 6738K, committed 6912K, reserved 1048576K
}
Event: 26.125 GC heap after
{Heap after GC invocations=17 (full 0):
 garbage-first heap   total 119808K, used 59098K [0x0000000082a00000, 0x0000000100000000)
  region size 1024K, 6 young (6144K), 6 survivors (6144K)
 Metaspace       used 57335K, committed 57664K, reserved 1114112K
  class space    used 6738K, committed 6912K, reserved 1048576K
}
Event: 28.989 GC heap before
{Heap before GC invocations=17 (full 0):
 garbage-first heap   total 119808K, used 93914K [0x0000000082a00000, 0x0000000100000000)
  region size 1024K, 40 young (40960K), 6 survivors (6144K)
 Metaspace       used 60339K, committed 60672K, reserved 1114112K
  class space    used 7031K, committed 7168K, reserved 1048576K
}
Event: 29.028 GC heap after
{Heap after GC invocations=18 (full 0):
 garbage-first heap   total 119808K, used 61568K [0x0000000082a00000, 0x0000000100000000)
  region size 1024K, 4 young (4096K), 4 survivors (4096K)
 Metaspace       used 60339K, committed 60672K, reserved 1114112K
  class space    used 7031K, committed 7168K, reserved 1048576K
}
Event: 32.694 GC heap before
{Heap before GC invocations=18 (full 0):
 garbage-first heap   total 119808K, used 95360K [0x0000000082a00000, 0x0000000100000000)
  region size 1024K, 37 young (37888K), 4 survivors (4096K)
 Metaspace       used 65009K, committed 65344K, reserved 1114112K
  class space    used 7471K, committed 7616K, reserved 1048576K
}
Event: 32.730 GC heap after
{Heap after GC invocations=19 (full 0):
 garbage-first heap   total 119808K, used 65959K [0x0000000082a00000, 0x0000000100000000)
  region size 1024K, 5 young (5120K), 5 survivors (5120K)
 Metaspace       used 65009K, committed 65344K, reserved 1114112K
  class space    used 7471K, committed 7616K, reserved 1048576K
}
Event: 34.785 GC heap before
{Heap before GC invocations=20 (full 0):
 garbage-first heap   total 119808K, used 95655K [0x0000000082a00000, 0x0000000100000000)
  region size 1024K, 34 young (34816K), 5 survivors (5120K)
 Metaspace       used 70791K, committed 71168K, reserved 1114112K
  class space    used 8125K, committed 8320K, reserved 1048576K
}
Event: 34.820 GC heap after
{Heap after GC invocations=21 (full 0):
 garbage-first heap   total 119808K, used 68897K [0x0000000082a00000, 0x0000000100000000)
  region size 1024K, 3 young (3072K), 3 survivors (3072K)
 Metaspace       used 70791K, committed 71168K, reserved 1114112K
  class space    used 8125K, committed 8320K, reserved 1048576K
}
Event: 36.158 GC heap before
{Heap before GC invocations=21 (full 0):
 garbage-first heap   total 119808K, used 96545K [0x0000000082a00000, 0x0000000100000000)
  region size 1024K, 30 young (30720K), 3 survivors (3072K)
 Metaspace       used 73460K, committed 73792K, reserved 1114112K
  class space    used 8373K, committed 8576K, reserved 1048576K
}
Event: 36.202 GC heap after
{Heap after GC invocations=22 (full 0):
 garbage-first heap   total 119808K, used 71877K [0x0000000082a00000, 0x0000000100000000)
  region size 1024K, 3 young (3072K), 3 survivors (3072K)
 Metaspace       used 73460K, committed 73792K, reserved 1114112K
  class space    used 8373K, committed 8576K, reserved 1048576K
}
Event: 37.625 GC heap before
{Heap before GC invocations=23 (full 0):
 garbage-first heap   total 124928K, used 96453K [0x0000000082a00000, 0x0000000100000000)
  region size 1024K, 27 young (27648K), 3 survivors (3072K)
 Metaspace       used 74157K, committed 74496K, reserved 1179648K
  class space    used 8419K, committed 8576K, reserved 1048576K
}
Event: 37.646 GC heap after
{Heap after GC invocations=24 (full 0):
 garbage-first heap   total 124928K, used 73651K [0x0000000082a00000, 0x0000000100000000)
  region size 1024K, 2 young (2048K), 2 survivors (2048K)
 Metaspace       used 74157K, committed 74496K, reserved 1179648K
  class space    used 8419K, committed 8576K, reserved 1048576K
}
Event: 37.975 GC heap before
{Heap before GC invocations=24 (full 0):
 garbage-first heap   total 124928K, used 77747K [0x0000000082a00000, 0x0000000100000000)
  region size 1024K, 6 young (6144K), 2 survivors (2048K)
 Metaspace       used 74302K, committed 74624K, reserved 1179648K
  class space    used 8431K, committed 8576K, reserved 1048576K
}
Event: 38.017 GC heap after
{Heap after GC invocations=25 (full 0):
 garbage-first heap   total 124928K, used 72963K [0x0000000082a00000, 0x0000000100000000)
  region size 1024K, 1 young (1024K), 1 survivors (1024K)
 Metaspace       used 74302K, committed 74624K, reserved 1179648K
  class space    used 8431K, committed 8576K, reserved 1048576K
}
Event: 39.440 GC heap before
{Heap before GC invocations=25 (full 0):
 garbage-first heap   total 124928K, used 100611K [0x0000000082a00000, 0x0000000100000000)
  region size 1024K, 29 young (29696K), 1 survivors (1024K)
 Metaspace       used 78554K, committed 78912K, reserved 1179648K
  class space    used 8779K, committed 8960K, reserved 1048576K
}
Event: 39.458 GC heap after
{Heap after GC invocations=26 (full 0):
 garbage-first heap   total 175104K, used 74353K [0x0000000082a00000, 0x0000000100000000)
  region size 1024K, 2 young (2048K), 2 survivors (2048K)
 Metaspace       used 78554K, committed 78912K, reserved 1179648K
  class space    used 8779K, committed 8960K, reserved 1048576K
}

